ml-googlr/build/app/outputs/mapping/release/mapping.txt
# compiler: R8
# compiler_version: 1.5.64
# min_api: 16
# pg_map_id: 5e0c177
...
com.google.android.gms.internal.measurement.zzfs -> b.a.a.a.h.i.y4:
    java.util.Iterator zza -> a
com.google.android.gms.internal.measurement.zzft -> b.a.a.a.h.i.z4:
    java.util.Map$Entry zza -> a
com.google.android.gms.internal.measurement.zzfu -> b.a.a.a.h.i.a5:
    java.util.List zzc -> b
    com.google.android.gms.internal.measurement.zzfu zza -> c
    com.google.android.gms.internal.measurement.zzfn zza(int) -> a
    java.lang.String zza(java.lang.Object) -> a
    void zza(com.google.android.gms.internal.measurement.zzdw) -> a
    boolean zza() -> a
    java.lang.Object zzb(int) -> b
    java.util.List zzd() -> c
    com.google.android.gms.internal.measurement.zzfx zze() -> y
com.google.android.gms.internal.measurement.zzfv -> b.a.a.a.h.i.b5:
    com.google.android.gms.internal.measurement.zzdw zzd -> b
    com.google.android.gms.internal.measurement.zzgm zzc -> a
    com.google.android.gms.internal.measurement.zzgm zza(com.google.android.gms.internal.measurement.zzgm) -> a
    int zzb() -> a
    com.google.android.gms.internal.measurement.zzgm zzb(com.google.android.gms.internal.measurement.zzgm) -> b
    com.google.android.gms.internal.measurement.zzdw zzc() -> b
com.google.android.gms.internal.measurement.zzfw -> b.a.a.a.h.i.c5:
    com.google.android.gms.internal.measurement.zzfw zzb -> b
    com.google.android.gms.internal.measurement.zzfw zza -> a
    com.google.android.gms.internal.measurement.zzfw zza() -> a
    void zza(java.lang.Object,java.lang.Object,long) -> a
    void zzb(java.lang.Object,long) -> a
    com.google.android.gms.internal.measurement.zzfw zzb() -> b
com.google.android.gms.internal.measurement.zzfx -> b.a.a.a.h.i.d5:
    void zza(com.google.android.gms.internal.measurement.zzdw) -> a
    java.lang.Object zzb(int) -> b
    java.util.List zzd() -> c
    com.google.android.gms.internal.measurement.zzfx zze() -> y
com.google.android.gms.internal.measurement.zzfy -> b.a.a.a.h.i.e5:
    java.lang.Class zza -> c
    java.util.List zza(java.lang.Object,long,int) -> a
    void zza(java.lang.Object,java.lang.Object,long) -> a
    void zzb(java.lang.Object,long) -> a
    java.util.List zzc(java.lang.Object,long) -> b
com.google.android.gms.internal.measurement.zzfz -> b.a.a.a.h.i.f5:
com.google.android.gms.internal.measurement.zzg -> b.a.a.a.h.i.g5:
    com.google.android.gms.internal.measurement.zzd zza(android.os.IBinder) -> a
com.google.android.gms.internal.measurement.zzga -> b.a.a.a.h.i.h5:
    long[] zzb -> b
    int zzc -> c
    com.google.android.gms.internal.measurement.zzga zza -> d
    com.google.android.gms.internal.measurement.zzfn zza(int) -> a
    void zza(long) -> a
    long zzb(int) -> b
    com.google.android.gms.internal.measurement.zzga zzd() -> c
    com.google.android.gms.internal.measurement.zzfk zzc(int) -> f
    void zzd(int) -> j
    java.lang.String zze(int) -> k
com.google.android.gms.internal.measurement.zzgb -> b.a.a.a.h.i.i5:
    void zza(java.lang.Object,java.lang.Object,long) -> a
    void zzb(java.lang.Object,long) -> a
    com.google.android.gms.internal.measurement.zzfn zzc(java.lang.Object,long) -> b
com.google.android.gms.internal.measurement.zzgc -> b.a.a.a.h.i.j5:
    boolean zza(java.lang.Class) -> a
    com.google.android.gms.internal.measurement.zzgk zzb(java.lang.Class) -> b
com.google.android.gms.internal.measurement.zzgd -> b.a.a.a.h.i.k5:
    com.google.android.gms.internal.measurement.zzgn zzb -> b
    com.google.android.gms.internal.measurement.zzgn zza -> a
    com.google.android.gms.internal.measurement.zzgn zza() -> a
    com.google.android.gms.internal.measurement.zzhf zza(java.lang.Class) -> a
    boolean zza(com.google.android.gms.internal.measurement.zzgk) -> a
com.google.android.gms.internal.measurement.zzge -> b.a.a.a.h.i.l5: